2024-12-12 20:29:54 - ERROR - Failed to compile py-cpp/HumanEval_27_flip_case.cpp. Error:
py-cpp/HumanEval_27_flip_case.cpp: In function ‘std::string flip_case(std::string)’:
py-cpp/HumanEval_27_flip_case.cpp:12:1: error: expected primary-expression before ‘}’ token
   12 | }
      | ^
py-cpp/HumanEval_27_flip_case.cpp:12:1: warning: no return statement in function returning non-void [-Wreturn-type]

2024-12-12 20:29:55 - ERROR - Failed to compile py-cpp/HumanEval_83_starts_one_ends.cpp. Error:
py-cpp/HumanEval_83_starts_one_ends.cpp: In function ‘long int starts_one_ends(long int)’:
py-cpp/HumanEval_83_starts_one_ends.cpp:12:1: error: expected primary-expression before ‘}’ token
   12 | }
      | ^
py-cpp/HumanEval_83_starts_one_ends.cpp:12:1: warning: no return statement in function returning non-void [-Wreturn-type]

2024-12-12 20:29:55 - ERROR - Failed to compile py-cpp/HumanEval_143_words_in_sentence.cpp. Error:
py-cpp/HumanEval_143_words_in_sentence.cpp: In function ‘std::string words_in_sentence(std::string)’:
py-cpp/HumanEval_143_words_in_sentence.cpp:12:1: error: expected primary-expression before ‘}’ token
   12 | }
      | ^
py-cpp/HumanEval_143_words_in_sentence.cpp:12:1: warning: no return statement in function returning non-void [-Wreturn-type]

2024-12-12 20:29:56 - ERROR - Failed to compile py-cpp/HumanEval_51_remove_vowels.cpp. Error:
py-cpp/HumanEval_51_remove_vowels.cpp: In function ‘std::string remove_vowels(std::string)’:
py-cpp/HumanEval_51_remove_vowels.cpp:12:1: error: expected primary-expression before ‘}’ token
   12 | }
      | ^
py-cpp/HumanEval_51_remove_vowels.cpp:12:1: warning: no return statement in function returning non-void [-Wreturn-type]

2024-12-12 20:29:57 - ERROR - Failed to compile py-cpp/HumanEval_135_can_arrange.cpp. Error:
py-cpp/HumanEval_135_can_arrange.cpp: In function ‘long int can_arrange(std::vector<long int>)’:
py-cpp/HumanEval_135_can_arrange.cpp:12:1: error: expected primary-expression before ‘}’ token
   12 | }
      | ^
py-cpp/HumanEval_135_can_arrange.cpp:12:1: warning: no return statement in function returning non-void [-Wreturn-type]

2024-12-12 20:29:57 - ERROR - Failed to compile py-cpp/HumanEval_131_digits.cpp. Error:
py-cpp/HumanEval_131_digits.cpp: In function ‘long int digits(long int)’:
py-cpp/HumanEval_131_digits.cpp:12:1: error: expected primary-expression before ‘}’ token
   12 | }
      | ^
py-cpp/HumanEval_131_digits.cpp:12:1: warning: no return statement in function returning non-void [-Wreturn-type]

2024-12-12 20:29:58 - ERROR - Failed to compile py-cpp/HumanEval_62_derivative.cpp. Error:
py-cpp/HumanEval_62_derivative.cpp: In function ‘std::vector<long int> derivative(std::vector<long int>)’:
py-cpp/HumanEval_62_derivative.cpp:12:1: error: expected primary-expression before ‘}’ token
   12 | }
      | ^
py-cpp/HumanEval_62_derivative.cpp:12:1: warning: no return statement in function returning non-void [-Wreturn-type]

2024-12-12 20:29:58 - ERROR - Failed to compile py-cpp/HumanEval_6_parse_nested_parens.cpp. Error:
py-cpp/HumanEval_6_parse_nested_parens.cpp: In function ‘std::vector<long int> parse_nested_parens(std::string)’:
py-cpp/HumanEval_6_parse_nested_parens.cpp:12:1: error: expected primary-expression before ‘}’ token
   12 | }
      | ^
py-cpp/HumanEval_6_parse_nested_parens.cpp:12:1: warning: no return statement in function returning non-void [-Wreturn-type]

2024-12-12 20:29:59 - ERROR - Failed to compile py-cpp/HumanEval_1_separate_paren_groups.cpp. Error:
py-cpp/HumanEval_1_separate_paren_groups.cpp: In function ‘std::vector<std::__cxx11::basic_string<char> > separate_paren_groups(std::string)’:
py-cpp/HumanEval_1_separate_paren_groups.cpp:12:1: error: expected primary-expression before ‘}’ token
   12 | }
      | ^
py-cpp/HumanEval_1_separate_paren_groups.cpp:12:1: warning: no return statement in function returning non-void [-Wreturn-type]

2024-12-12 20:29:59 - ERROR - Failed to compile py-cpp/HumanEval_42_incr_list.cpp. Error:
py-cpp/HumanEval_42_incr_list.cpp: In function ‘std::vector<long int> incr_list(std::vector<long int>)’:
py-cpp/HumanEval_42_incr_list.cpp:12:1: error: expected primary-expression before ‘}’ token
   12 | }
      | ^
py-cpp/HumanEval_42_incr_list.cpp:12:1: warning: no return statement in function returning non-void [-Wreturn-type]

2024-12-12 20:30:00 - ERROR - Failed to compile py-cpp/HumanEval_40_triples_sum_to_zero.cpp. Error:
py-cpp/HumanEval_40_triples_sum_to_zero.cpp: In function ‘bool triples_sum_to_zero(std::vector<long int>)’:
py-cpp/HumanEval_40_triples_sum_to_zero.cpp:12:1: error: expected primary-expression before ‘}’ token
   12 | }
      | ^
py-cpp/HumanEval_40_triples_sum_to_zero.cpp:12:1: warning: no return statement in function returning non-void [-Wreturn-type]

2024-12-12 20:30:01 - ERROR - Failed to compile py-cpp/HumanEval_121_solution.cpp. Error:
py-cpp/HumanEval_121_solution.cpp: In function ‘long int solution(std::vector<long int>)’:
py-cpp/HumanEval_121_solution.cpp:12:1: error: expected primary-expression before ‘}’ token
   12 | }
      | ^
py-cpp/HumanEval_121_solution.cpp:12:1: warning: no return statement in function returning non-void [-Wreturn-type]

2024-12-12 20:30:01 - ERROR - Failed to compile py-cpp/HumanEval_98_count_upper.cpp. Error:
py-cpp/HumanEval_98_count_upper.cpp: In function ‘long int count_upper(std::string)’:
py-cpp/HumanEval_98_count_upper.cpp:12:1: error: expected primary-expression before ‘}’ token
   12 | }
      | ^
py-cpp/HumanEval_98_count_upper.cpp:12:1: warning: no return statement in function returning non-void [-Wreturn-type]

2024-12-12 20:30:02 - ERROR - Failed to compile py-cpp/HumanEval_153_Strongest_Extension.cpp. Error:
py-cpp/HumanEval_153_Strongest_Extension.cpp: In function ‘std::string Strongest_Extension(std::string, std::vector<std::__cxx11::basic_string<char> >)’:
py-cpp/HumanEval_153_Strongest_Extension.cpp:12:1: error: expected primary-expression before ‘}’ token
   12 | }
      | ^
py-cpp/HumanEval_153_Strongest_Extension.cpp:12:1: warning: no return statement in function returning non-void [-Wreturn-type]

2024-12-12 20:30:02 - ERROR - Failed to compile py-cpp/HumanEval_138_is_equal_to_sum_even.cpp. Error:
py-cpp/HumanEval_138_is_equal_to_sum_even.cpp: In function ‘bool is_equal_to_sum_even(long int)’:
py-cpp/HumanEval_138_is_equal_to_sum_even.cpp:12:1: error: expected primary-expression before ‘}’ token
   12 | }
      | ^
py-cpp/HumanEval_138_is_equal_to_sum_even.cpp:12:1: warning: no return statement in function returning non-void [-Wreturn-type]

2024-12-12 20:30:03 - ERROR - Failed to compile py-cpp/HumanEval_127_intersection.cpp. Error:
py-cpp/HumanEval_127_intersection.cpp: In function ‘std::string intersection(std::tuple<long int, long int>, std::tuple<long int, long int>)’:
py-cpp/HumanEval_127_intersection.cpp:12:1: error: expected primary-expression before ‘}’ token
   12 | }
      | ^
py-cpp/HumanEval_127_intersection.cpp:12:1: warning: no return statement in function returning non-void [-Wreturn-type]

2024-12-12 20:30:04 - ERROR - Failed to compile py-cpp/HumanEval_10_make_palindrome.cpp. Error:
py-cpp/HumanEval_10_make_palindrome.cpp: In function ‘std::string make_palindrome(std::string)’:
py-cpp/HumanEval_10_make_palindrome.cpp:12:1: error: expected primary-expression before ‘}’ token
   12 | }
      | ^
py-cpp/HumanEval_10_make_palindrome.cpp:12:1: warning: no return statement in function returning non-void [-Wreturn-type]

2024-12-12 20:30:04 - ERROR - Failed to compile py-cpp/HumanEval_88_sort_array.cpp. Error:
py-cpp/HumanEval_88_sort_array.cpp: In function ‘std::vector<long int> sort_array(std::vector<long int>)’:
py-cpp/HumanEval_88_sort_array.cpp:12:1: error: expected primary-expression before ‘}’ token
   12 | }
      | ^
py-cpp/HumanEval_88_sort_array.cpp:12:1: warning: no return statement in function returning non-void [-Wreturn-type]

2024-12-12 20:30:05 - ERROR - Failed to compile py-cpp/HumanEval_79_decimal_to_binary.cpp. Error:
py-cpp/HumanEval_79_decimal_to_binary.cpp: In function ‘std::string decimal_to_binary(long int)’:
py-cpp/HumanEval_79_decimal_to_binary.cpp:12:1: error: expected primary-expression before ‘}’ token
   12 | }
      | ^
py-cpp/HumanEval_79_decimal_to_binary.cpp:12:1: warning: no return statement in function returning non-void [-Wreturn-type]

2024-12-12 20:30:05 - ERROR - Failed to compile py-cpp/HumanEval_103_rounded_avg.cpp. Error:
py-cpp/HumanEval_103_rounded_avg.cpp: In function ‘Union_std_string_long rounded_avg(long int, long int)’:
py-cpp/HumanEval_103_rounded_avg.cpp:23:1: error: expected primary-expression before ‘}’ token
   23 | }
      | ^
py-cpp/HumanEval_103_rounded_avg.cpp:23:1: warning: no return statement in function returning non-void [-Wreturn-type]

2024-12-12 20:30:06 - ERROR - Failed to compile py-cpp/HumanEval_96_count_up_to.cpp. Error:
py-cpp/HumanEval_96_count_up_to.cpp: In function ‘std::vector<long int> count_up_to(long int)’:
py-cpp/HumanEval_96_count_up_to.cpp:12:1: error: expected primary-expression before ‘}’ token
   12 | }
      | ^
py-cpp/HumanEval_96_count_up_to.cpp:12:1: warning: no return statement in function returning non-void [-Wreturn-type]

2024-12-12 20:30:06 - ERROR - Failed to compile py-cpp/HumanEval_87_get_row.cpp. Error:
py-cpp/HumanEval_87_get_row.cpp: In function ‘std::vector<std::tuple<long int, long int> > get_row(std::vector<std::vector<long int> >, long int)’:
py-cpp/HumanEval_87_get_row.cpp:12:1: error: expected primary-expression before ‘}’ token
   12 | }
      | ^
py-cpp/HumanEval_87_get_row.cpp:12:1: warning: no return statement in function returning non-void [-Wreturn-type]

2024-12-12 20:30:07 - ERROR - Failed to compile py-cpp/HumanEval_2_truncate_number.cpp. Error:
py-cpp/HumanEval_2_truncate_number.cpp: In function ‘float truncate_number(float)’:
py-cpp/HumanEval_2_truncate_number.cpp:12:1: error: expected primary-expression before ‘}’ token
   12 | }
      | ^
py-cpp/HumanEval_2_truncate_number.cpp:12:1: warning: no return statement in function returning non-void [-Wreturn-type]

2024-12-12 20:30:08 - ERROR - Failed to compile py-cpp/HumanEval_41_car_race_collision.cpp. Error:
py-cpp/HumanEval_41_car_race_collision.cpp: In function ‘long int car_race_collision(long int)’:
py-cpp/HumanEval_41_car_race_collision.cpp:12:1: error: expected primary-expression before ‘}’ token
   12 | }
      | ^
py-cpp/HumanEval_41_car_race_collision.cpp:12:1: warning: no return statement in function returning non-void [-Wreturn-type]

2024-12-12 20:30:08 - ERROR - Failed to compile py-cpp/HumanEval_123_get_odd_collatz.cpp. Error:
py-cpp/HumanEval_123_get_odd_collatz.cpp: In function ‘std::vector<long int> get_odd_collatz(long int)’:
py-cpp/HumanEval_123_get_odd_collatz.cpp:12:1: error: expected primary-expression before ‘}’ token
   12 | }
      | ^
py-cpp/HumanEval_123_get_odd_collatz.cpp:12:1: warning: no return statement in function returning non-void [-Wreturn-type]

2024-12-12 20:30:09 - ERROR - Failed to compile py-cpp/HumanEval_107_even_odd_palindrome.cpp. Error:
py-cpp/HumanEval_107_even_odd_palindrome.cpp: In function ‘std::tuple<long int, long int> even_odd_palindrome(long int)’:
py-cpp/HumanEval_107_even_odd_palindrome.cpp:12:1: error: expected primary-expression before ‘}’ token
   12 | }
      | ^
py-cpp/HumanEval_107_even_odd_palindrome.cpp:12:1: warning: no return statement in function returning non-void [-Wreturn-type]

2024-12-12 20:30:09 - ERROR - Failed to compile py-cpp/HumanEval_0_has_close_elements.cpp. Error:
py-cpp/HumanEval_0_has_close_elements.cpp: In function ‘bool has_close_elements(std::vector<float>, float)’:
py-cpp/HumanEval_0_has_close_elements.cpp:12:1: error: expected primary-expression before ‘}’ token
   12 | }
      | ^
py-cpp/HumanEval_0_has_close_elements.cpp:12:1: warning: no return statement in function returning non-void [-Wreturn-type]

2024-12-12 20:30:10 - ERROR - Failed to compile py-cpp/HumanEval_3_below_zero.cpp. Error:
py-cpp/HumanEval_3_below_zero.cpp: In function ‘bool below_zero(std::vector<long int>)’:
py-cpp/HumanEval_3_below_zero.cpp:12:1: error: expected primary-expression before ‘}’ token
   12 | }
      | ^
py-cpp/HumanEval_3_below_zero.cpp:12:1: warning: no return statement in function returning non-void [-Wreturn-type]

2024-12-12 20:30:11 - ERROR - Failed to compile py-cpp/HumanEval_9_rolling_max.cpp. Error:
py-cpp/HumanEval_9_rolling_max.cpp: In function ‘std::vector<long int> rolling_max(std::vector<long int>)’:
py-cpp/HumanEval_9_rolling_max.cpp:12:1: error: expected primary-expression before ‘}’ token
   12 | }
      | ^
py-cpp/HumanEval_9_rolling_max.cpp:12:1: warning: no return statement in function returning non-void [-Wreturn-type]

2024-12-12 20:30:11 - ERROR - Failed to compile py-cpp/HumanEval_7_filter_by_substring.cpp. Error:
py-cpp/HumanEval_7_filter_by_substring.cpp: In function ‘std::vector<std::__cxx11::basic_string<char> > filter_by_substring(std::vector<std::__cxx11::basic_string<char> >, std::string)’:
py-cpp/HumanEval_7_filter_by_substring.cpp:12:1: error: expected primary-expression before ‘}’ token
   12 | }
      | ^
py-cpp/HumanEval_7_filter_by_substring.cpp:12:1: warning: no return statement in function returning non-void [-Wreturn-type]

2024-12-12 20:30:12 - ERROR - Failed to compile py-cpp/HumanEval_101_words_string.cpp. Error:
py-cpp/HumanEval_101_words_string.cpp: In function ‘std::vector<std::__cxx11::basic_string<char> > words_string(std::string)’:
py-cpp/HumanEval_101_words_string.cpp:12:1: error: expected primary-expression before ‘}’ token
   12 | }
      | ^
py-cpp/HumanEval_101_words_string.cpp:12:1: warning: no return statement in function returning non-void [-Wreturn-type]

2024-12-12 20:30:12 - ERROR - Failed to compile py-cpp/HumanEval_54_same_chars.cpp. Error:
py-cpp/HumanEval_54_same_chars.cpp: In function ‘bool same_chars(std::string, std::string)’:
py-cpp/HumanEval_54_same_chars.cpp:12:1: error: expected primary-expression before ‘}’ token
   12 | }
      | ^
py-cpp/HumanEval_54_same_chars.cpp:12:1: warning: no return statement in function returning non-void [-Wreturn-type]

2024-12-12 20:30:13 - ERROR - Failed to compile py-cpp/HumanEval_115_max_fill.cpp. Error:
py-cpp/HumanEval_115_max_fill.cpp: In function ‘long int max_fill(std::vector<std::vector<long int> >, long int)’:
py-cpp/HumanEval_115_max_fill.cpp:12:1: error: expected primary-expression before ‘}’ token
   12 | }
      | ^
py-cpp/HumanEval_115_max_fill.cpp:12:1: warning: no return statement in function returning non-void [-Wreturn-type]

2024-12-12 20:30:14 - ERROR - Failed to compile py-cpp/HumanEval_55_fib.cpp. Error:
py-cpp/HumanEval_55_fib.cpp: In function ‘long int fib(long int)’:
py-cpp/HumanEval_55_fib.cpp:12:1: error: expected primary-expression before ‘}’ token
   12 | }
      | ^
py-cpp/HumanEval_55_fib.cpp:12:1: warning: no return statement in function returning non-void [-Wreturn-type]

2024-12-12 20:30:14 - ERROR - Failed to compile py-cpp/HumanEval_147_get_max_triples.cpp. Error:
py-cpp/HumanEval_147_get_max_triples.cpp: In function ‘long int get_max_triples(long int)’:
py-cpp/HumanEval_147_get_max_triples.cpp:12:1: error: expected primary-expression before ‘}’ token
   12 | }
      | ^
py-cpp/HumanEval_147_get_max_triples.cpp:12:1: warning: no return statement in function returning non-void [-Wreturn-type]

2024-12-12 20:30:15 - ERROR - Failed to compile py-cpp/HumanEval_137_compare_one.cpp. Error:
py-cpp/HumanEval_137_compare_one.cpp:29:10: error: ‘nullopt’ in namespace ‘std’ does not name a type
   29 |     std::nullopt f3;    Union_long_float_std_string_std_nullopt(long _f0) : f0(_f0) {}
      |          ^~~~~~~
py-cpp/HumanEval_137_compare_one.cpp:32:57: error: expected ‘)’ before ‘_f3’
   32 |     Union_long_float_std_string_std_nullopt(std::nullopt _f3) : f3(_f3) {}
      |                                            ~            ^~~~
      |                                                         )
py-cpp/HumanEval_137_compare_one.cpp:40:31: error: ‘std::nullopt’ has not been declared
   40 |     }    bool operator==(std::nullopt f) {
      |                               ^~~~~~~
py-cpp/HumanEval_137_compare_one.cpp: In member function ‘bool Union_long_float_std_string_std_nullopt::operator==(int)’:
py-cpp/HumanEval_137_compare_one.cpp:41:16: error: ‘f3’ was not declared in this scope; did you mean ‘f’?
   41 |         return f3 == f ;
      |                ^~
      |                f
py-cpp/HumanEval_137_compare_one.cpp: In function ‘Union_long_float_std_string_std_nullopt compare_one(Union_long_float_std_string, Union_long_float_std_string)’:
py-cpp/HumanEval_137_compare_one.cpp:46:1: error: expected primary-expression before ‘}’ token
   46 | }
      | ^
py-cpp/HumanEval_137_compare_one.cpp:46:1: warning: no return statement in function returning non-void [-Wreturn-type]
In file included from /usr/include/c++/9/cassert:44,
                 from /usr/include/x86_64-linux-gnu/c++/9/bits/stdc++.h:33,
                 from py-cpp/HumanEval_137_compare_one.cpp:2:
py-cpp/HumanEval_137_compare_one.cpp: In function ‘int main()’:
py-cpp/HumanEval_137_compare_one.cpp:49:26: error: conversion from ‘int’ to ‘Union_long_float_std_string’ is ambiguous
   49 |     assert(candidate(1, 2) == 2);
      |                          ^
py-cpp/HumanEval_137_compare_one.cpp:14:5: note: candidate: ‘Union_long_float_std_string::Union_long_float_std_string(float)’
   14 |     Union_long_float_std_string(float _f1) : f1(_f1) {}
      |     ^~~~~~~~~~~~~~~~~~~~~~~~~~~
py-cpp/HumanEval_137_compare_one.cpp:13:24: note: candidate: ‘Union_long_float_std_string::Union_long_float_std_string(long int)’
   13 |     std::string f2;    Union_long_float_std_string(long _f0) : f0(_f0) {}
      |                        ^~~~~~~~~~~~~~~~~~~~~~~~~~~
In file included from /usr/include/c++/9/cassert:44,
                 from /usr/include/x86_64-linux-gnu/c++/9/bits/stdc++.h:33,
                 from py-cpp/HumanEval_137_compare_one.cpp:2:
py-cpp/HumanEval_137_compare_one.cpp:50:29: error: conversion from ‘int’ to ‘Union_long_float_std_string’ is ambiguous
   50 |     assert(candidate(1, 2.5f) == 2.5f);
      |                             ^
py-cpp/HumanEval_137_compare_one.cpp:14:5: note: candidate: ‘Union_long_float_std_string::Union_long_float_std_string(float)’
   14 |     Union_long_float_std_string(float _f1) : f1(_f1) {}
      |     ^~~~~~~~~~~~~~~~~~~~~~~~~~~
py-cpp/HumanEval_137_compare_one.cpp:13:24: note: candidate: ‘Union_long_float_std_string::Union_long_float_std_string(long int)’
   13 |     std::string f2;    Union_long_float_std_string(long _f0) : f0(_f0) {}
      |                        ^~~~~~~~~~~~~~~~~~~~~~~~~~~
In file included from /usr/include/c++/9/cassert:44,
                 from /usr/include/x86_64-linux-gnu/c++/9/bits/stdc++.h:33,
                 from py-cpp/HumanEval_137_compare_one.cpp:2:
py-cpp/HumanEval_137_compare_one.cpp:51:26: error: conversion from ‘int’ to ‘Union_long_float_std_string’ is ambiguous
   51 |     assert(candidate(2, 3) == 3);
      |                          ^
py-cpp/HumanEval_137_compare_one.cpp:14:5: note: candidate: ‘Union_long_float_std_string::Union_long_float_std_string(float)’
   14 |     Union_long_float_std_string(float _f1) : f1(_f1) {}
      |     ^~~~~~~~~~~~~~~~~~~~~~~~~~~
py-cpp/HumanEval_137_compare_one.cpp:13:24: note: candidate: ‘Union_long_float_std_string::Union_long_float_std_string(long int)’
   13 |     std::string f2;    Union_long_float_std_string(long _f0) : f0(_f0) {}
      |                        ^~~~~~~~~~~~~~~~~~~~~~~~~~~
In file included from /usr/include/c++/9/cassert:44,
                 from /usr/include/x86_64-linux-gnu/c++/9/bits/stdc++.h:33,
                 from py-cpp/HumanEval_137_compare_one.cpp:2:
py-cpp/HumanEval_137_compare_one.cpp:52:26: error: conversion from ‘int’ to ‘Union_long_float_std_string’ is ambiguous
   52 |     assert(candidate(5, 6) == 6);
      |                          ^
py-cpp/HumanEval_137_compare_one.cpp:14:5: note: candidate: ‘Union_long_float_std_string::Union_long_float_std_string(float)’
   14 |     Union_long_float_std_string(float _f1) : f1(_f1) {}
      |     ^~~~~~~~~~~~~~~~~~~~~~~~~~~
py-cpp/HumanEval_137_compare_one.cpp:13:24: note: candidate: ‘Union_long_float_std_string::Union_long_float_std_string(long int)’
   13 |     std::string f2;    Union_long_float_std_string(long _f0) : f0(_f0) {}
      |                        ^~~~~~~~~~~~~~~~~~~~~~~~~~~
In file included from /usr/include/c++/9/cassert:44,
                 from /usr/include/x86_64-linux-gnu/c++/9/bits/stdc++.h:33,
                 from py-cpp/HumanEval_137_compare_one.cpp:2:
py-cpp/HumanEval_137_compare_one.cpp:53:30: error: conversion from ‘int’ to ‘Union_long_float_std_string’ is ambiguous
   53 |     assert(candidate(1, "2,3") == "2,3");
      |                              ^
py-cpp/HumanEval_137_compare_one.cpp:14:5: note: candidate: ‘Union_long_float_std_string::Union_long_float_std_string(float)’
   14 |     Union_long_float_std_string(float _f1) : f1(_f1) {}
      |     ^~~~~~~~~~~~~~~~~~~~~~~~~~~
py-cpp/HumanEval_137_compare_one.cpp:13:24: note: candidate: ‘Union_long_float_std_string::Union_long_float_std_string(long int)’
   13 |     std::string f2;    Union_long_float_std_string(long _f0) : f0(_f0) {}
      |                        ^~~~~~~~~~~~~~~~~~~~~~~~~~~
In file included from /usr/include/c++/9/cassert:44,
                 from /usr/include/x86_64-linux-gnu/c++/9/bits/stdc++.h:33,
                 from py-cpp/HumanEval_137_compare_one.cpp:2:
py-cpp/HumanEval_137_compare_one.cpp:54:22: error: invalid conversion from ‘const char*’ to ‘long int’ [-fpermissive]
   54 |     assert(candidate("5,1", "6") == "6");
      |                      ^~~~~
      |                      |
      |                      const char*
py-cpp/HumanEval_137_compare_one.cpp:13:57: note:   initializing argument 1 of ‘Union_long_float_std_string::Union_long_float_std_string(long int)’
   13 |     std::string f2;    Union_long_float_std_string(long _f0) : f0(_f0) {}
      |                                                    ~~~~~^~~
In file included from /usr/include/c++/9/cassert:44,
                 from /usr/include/x86_64-linux-gnu/c++/9/bits/stdc++.h:33,
                 from py-cpp/HumanEval_137_compare_one.cpp:2:
py-cpp/HumanEval_137_compare_one.cpp:54:32: error: use of deleted function ‘Union_long_float_std_string::Union_long_float_std_string(const Union_long_float_std_string&)’
   54 |     assert(candidate("5,1", "6") == "6");
      |                                ^
py-cpp/HumanEval_137_compare_one.cpp:10:7: note: ‘Union_long_float_std_string::Union_long_float_std_string(const Union_long_float_std_string&)’ is implicitly deleted because the default definition would be ill-formed:
   10 | union Union_long_float_std_string{
      |       ^~~~~~~~~~~~~~~~~~~~~~~~~~~
py-cpp/HumanEval_137_compare_one.cpp:13:17: error: union member ‘Union_long_float_std_string::f2’ with non-trivial ‘std::__cxx11::basic_string<_CharT, _Traits, _Alloc>::basic_string(const std::__cxx11::basic_string<_CharT, _Traits, _Alloc>&) [with _CharT = char; _Traits = std::char_traits<char>; _Alloc = std::allocator<char>]’
   13 |     std::string f2;    Union_long_float_std_string(long _f0) : f0(_f0) {}
      |                 ^~
py-cpp/HumanEval_137_compare_one.cpp:13:24: note:   after user-defined conversion: ‘Union_long_float_std_string::Union_long_float_std_string(long int)’ <near match>
   13 |     std::string f2;    Union_long_float_std_string(long _f0) : f0(_f0) {}
      |                        ^~~~~~~~~~~~~~~~~~~~~~~~~~~
py-cpp/HumanEval_137_compare_one.cpp:13:24: note:   conversion of argument 1 would be ill-formed:
In file included from /usr/include/c++/9/cassert:44,
                 from /usr/include/x86_64-linux-gnu/c++/9/bits/stdc++.h:33,
                 from py-cpp/HumanEval_137_compare_one.cpp:2:
py-cpp/HumanEval_137_compare_one.cpp:54:22: error: invalid conversion from ‘const char*’ to ‘long int’ [-fpermissive]
   54 |     assert(candidate("5,1", "6") == "6");
      |                      ^~~~~
      |                      |
      |                      const char*
py-cpp/HumanEval_137_compare_one.cpp:55:22: error: invalid conversion from ‘const char*’ to ‘long int’ [-fpermissive]
   55 |     assert(candidate("1", "2") == "2");
      |                      ^~~
      |                      |
      |                      const char*
py-cpp/HumanEval_137_compare_one.cpp:13:57: note:   initializing argument 1 of ‘Union_long_float_std_string::Union_long_float_std_string(long int)’
   13 |     std::string f2;    Union_long_float_std_string(long _f0) : f0(_f0) {}
      |                                                    ~~~~~^~~
In file included from /usr/include/c++/9/cassert:44,
                 from /usr/include/x86_64-linux-gnu/c++/9/bits/stdc++.h:33,
                 from py-cpp/HumanEval_137_compare_one.cpp:2:
py-cpp/HumanEval_137_compare_one.cpp:55:30: error: use of deleted function ‘Union_long_float_std_string::Union_long_float_std_string(const Union_long_float_std_string&)’
   55 |     assert(candidate("1", "2") == "2");
      |                              ^
py-cpp/HumanEval_137_compare_one.cpp:13:24: note:   after user-defined conversion: ‘Union_long_float_std_string::Union_long_float_std_string(long int)’ <near match>
   13 |     std::string f2;    Union_long_float_std_string(long _f0) : f0(_f0) {}
      |                        ^~~~~~~~~~~~~~~~~~~~~~~~~~~
py-cpp/HumanEval_137_compare_one.cpp:13:24: note:   conversion of argument 1 would be ill-formed:
In file included from /usr/include/c++/9/cassert:44,
                 from /usr/include/x86_64-linux-gnu/c++/9/bits/stdc++.h:33,
                 from py-cpp/HumanEval_137_compare_one.cpp:2:
py-cpp/HumanEval_137_compare_one.cpp:55:22: error: invalid conversion from ‘const char*’ to ‘long int’ [-fpermissive]
   55 |     assert(candidate("1", "2") == "2");
      |                      ^~~
      |                      |
      |                      const char*
py-cpp/HumanEval_137_compare_one.cpp:56:22: error: invalid conversion from ‘const char*’ to ‘long int’ [-fpermissive]
   56 |     assert(candidate("1", 1) == std::nullopt);
      |                      ^~~
      |                      |
      |                      const char*
py-cpp/HumanEval_137_compare_one.cpp:13:57: note:   initializing argument 1 of ‘Union_long_float_std_string::Union_long_float_std_string(long int)’
   13 |     std::string f2;    Union_long_float_std_string(long _f0) : f0(_f0) {}
      |                                                    ~~~~~^~~
In file included from /usr/include/c++/9/cassert:44,
                 from /usr/include/x86_64-linux-gnu/c++/9/bits/stdc++.h:33,
                 from py-cpp/HumanEval_137_compare_one.cpp:2:
py-cpp/HumanEval_137_compare_one.cpp:56:28: error: use of deleted function ‘Union_long_float_std_string::Union_long_float_std_string(const Union_long_float_std_string&)’
   56 |     assert(candidate("1", 1) == std::nullopt);
      |                            ^
py-cpp/HumanEval_137_compare_one.cpp:13:24: note:   after user-defined conversion: ‘Union_long_float_std_string::Union_long_float_std_string(long int)’ <near match>
   13 |     std::string f2;    Union_long_float_std_string(long _f0) : f0(_f0) {}
      |                        ^~~~~~~~~~~~~~~~~~~~~~~~~~~
py-cpp/HumanEval_137_compare_one.cpp:13:24: note:   conversion of argument 1 would be ill-formed:
In file included from /usr/include/c++/9/cassert:44,
                 from /usr/include/x86_64-linux-gnu/c++/9/bits/stdc++.h:33,
                 from py-cpp/HumanEval_137_compare_one.cpp:2:
py-cpp/HumanEval_137_compare_one.cpp:56:22: error: invalid conversion from ‘const char*’ to ‘long int’ [-fpermissive]
   56 |     assert(candidate("1", 1) == std::nullopt);
      |                      ^~~
      |                      |
      |                      const char*
py-cpp/HumanEval_137_compare_one.cpp:56:38: error: ‘nullopt’ is not a member of ‘std’
   56 |     assert(candidate("1", 1) == std::nullopt);
      |                                      ^~~~~~~

2024-12-12 20:30:16 - ERROR - Failed to compile py-cpp/HumanEval_14_all_prefixes.cpp. Error:
py-cpp/HumanEval_14_all_prefixes.cpp: In function ‘std::vector<std::__cxx11::basic_string<char> > all_prefixes(std::string)’:
py-cpp/HumanEval_14_all_prefixes.cpp:12:1: error: expected primary-expression before ‘}’ token
   12 | }
      | ^
py-cpp/HumanEval_14_all_prefixes.cpp:12:1: warning: no return statement in function returning non-void [-Wreturn-type]

2024-12-12 20:30:16 - ERROR - Failed to compile py-cpp/HumanEval_46_fib4.cpp. Error:
py-cpp/HumanEval_46_fib4.cpp: In function ‘long int fib4(long int)’:
py-cpp/HumanEval_46_fib4.cpp:12:1: error: expected primary-expression before ‘}’ token
   12 | }
      | ^
py-cpp/HumanEval_46_fib4.cpp:12:1: warning: no return statement in function returning non-void [-Wreturn-type]

2024-12-12 20:30:17 - ERROR - Failed to compile py-cpp/HumanEval_104_unique_digits.cpp. Error:
py-cpp/HumanEval_104_unique_digits.cpp: In function ‘std::vector<long int> unique_digits(std::vector<long int>)’:
py-cpp/HumanEval_104_unique_digits.cpp:12:1: error: expected primary-expression before ‘}’ token
   12 | }
      | ^
py-cpp/HumanEval_104_unique_digits.cpp:12:1: warning: no return statement in function returning non-void [-Wreturn-type]

2024-12-12 20:30:18 - ERROR - Failed to compile py-cpp/HumanEval_76_is_simple_power.cpp. Error:
py-cpp/HumanEval_76_is_simple_power.cpp: In function ‘bool is_simple_power(long int, long int)’:
py-cpp/HumanEval_76_is_simple_power.cpp:12:1: error: expected primary-expression before ‘}’ token
   12 | }
      | ^
py-cpp/HumanEval_76_is_simple_power.cpp:12:1: warning: no return statement in function returning non-void [-Wreturn-type]

2024-12-12 20:30:19 - ERROR - Failed to compile py-cpp/HumanEval_162_string_to_md5.cpp. Error:
py-cpp/HumanEval_162_string_to_md5.cpp:10:6: error: ‘optional’ in namespace ‘std’ does not name a template type
   10 | std::optional<std::string> string_to_md5(std::string text) {
      |      ^~~~~~~~
py-cpp/HumanEval_162_string_to_md5.cpp:10:1: note: ‘std::optional’ is only available from C++17 onwards
   10 | std::optional<std::string> string_to_md5(std::string text) {
      | ^~~
py-cpp/HumanEval_162_string_to_md5.cpp: In function ‘int main()’:
py-cpp/HumanEval_162_string_to_md5.cpp:14:22: error: ‘string_to_md5’ was not declared in this scope
   14 |     auto candidate = string_to_md5;
      |                      ^~~~~~~~~~~~~
In file included from /usr/include/c++/9/cassert:44,
                 from /usr/include/x86_64-linux-gnu/c++/9/bits/stdc++.h:33,
                 from py-cpp/HumanEval_162_string_to_md5.cpp:2:
py-cpp/HumanEval_162_string_to_md5.cpp:16:36: error: ‘nullopt’ is not a member of ‘std’
   16 |     assert(candidate(("")) == std::nullopt);
      |                                    ^~~~~~~

2024-12-12 20:30:19 - ERROR - Failed to compile py-cpp/HumanEval_82_prime_length.cpp. Error:
py-cpp/HumanEval_82_prime_length.cpp: In function ‘bool prime_length(std::string)’:
py-cpp/HumanEval_82_prime_length.cpp:12:1: error: expected primary-expression before ‘}’ token
   12 | }
      | ^
py-cpp/HumanEval_82_prime_length.cpp:12:1: warning: no return statement in function returning non-void [-Wreturn-type]

2024-12-12 20:30:20 - ERROR - Failed to compile py-cpp/HumanEval_43_pairs_sum_to_zero.cpp. Error:
py-cpp/HumanEval_43_pairs_sum_to_zero.cpp: In function ‘bool pairs_sum_to_zero(std::vector<long int>)’:
py-cpp/HumanEval_43_pairs_sum_to_zero.cpp:12:1: error: expected primary-expression before ‘}’ token
   12 | }
      | ^
py-cpp/HumanEval_43_pairs_sum_to_zero.cpp:12:1: warning: no return statement in function returning non-void [-Wreturn-type]

2024-12-12 20:30:20 - ERROR - Failed to compile py-cpp/HumanEval_144_simplify.cpp. Error:
py-cpp/HumanEval_144_simplify.cpp: In function ‘bool simplify(std::string, std::string)’:
py-cpp/HumanEval_144_simplify.cpp:12:1: error: expected primary-expression before ‘}’ token
   12 | }
      | ^
py-cpp/HumanEval_144_simplify.cpp:12:1: warning: no return statement in function returning non-void [-Wreturn-type]

2024-12-12 20:30:21 - ERROR - Failed to compile py-cpp/HumanEval_31_is_prime.cpp. Error:
py-cpp/HumanEval_31_is_prime.cpp: In function ‘bool is_prime(long int)’:
py-cpp/HumanEval_31_is_prime.cpp:12:1: error: expected primary-expression before ‘}’ token
   12 | }
      | ^
py-cpp/HumanEval_31_is_prime.cpp:12:1: warning: no return statement in function returning non-void [-Wreturn-type]

2024-12-12 20:30:22 - ERROR - Failed to compile py-cpp/HumanEval_120_maximum.cpp. Error:
py-cpp/HumanEval_120_maximum.cpp: In function ‘std::vector<long int> maximum(std::vector<long int>, long int)’:
py-cpp/HumanEval_120_maximum.cpp:12:1: error: expected primary-expression before ‘}’ token
   12 | }
      | ^
py-cpp/HumanEval_120_maximum.cpp:12:1: warning: no return statement in function returning non-void [-Wreturn-type]

2024-12-12 20:30:22 - ERROR - Failed to compile py-cpp/HumanEval_133_sum_squares.cpp. Error:
py-cpp/HumanEval_133_sum_squares.cpp: In function ‘long int sum_squares(std::vector<float>)’:
py-cpp/HumanEval_133_sum_squares.cpp:12:1: error: expected primary-expression before ‘}’ token
   12 | }
      | ^
py-cpp/HumanEval_133_sum_squares.cpp:12:1: warning: no return statement in function returning non-void [-Wreturn-type]

2024-12-12 20:30:23 - ERROR - Failed to compile py-cpp/HumanEval_56_correct_bracketing.cpp. Error:
py-cpp/HumanEval_56_correct_bracketing.cpp: In function ‘bool correct_bracketing(std::string)’:
py-cpp/HumanEval_56_correct_bracketing.cpp:12:1: error: expected primary-expression before ‘}’ token
   12 | }
      | ^
py-cpp/HumanEval_56_correct_bracketing.cpp:12:1: warning: no return statement in function returning non-void [-Wreturn-type]

2024-12-12 20:30:23 - ERROR - Failed to compile py-cpp/HumanEval_19_sort_numbers.cpp. Error:
py-cpp/HumanEval_19_sort_numbers.cpp: In function ‘std::string sort_numbers(std::string)’:
py-cpp/HumanEval_19_sort_numbers.cpp:12:1: error: expected primary-expression before ‘}’ token
   12 | }
      | ^
py-cpp/HumanEval_19_sort_numbers.cpp:12:1: warning: no return statement in function returning non-void [-Wreturn-type]

2024-12-12 20:30:23 - INFO - Directory: py-cpp
2024-12-12 20:30:23 - INFO - Total Files: 49
2024-12-12 20:30:23 - INFO - Successful Compilations: 0
2024-12-12 20:30:23 - INFO - Failed Compilations: 49
2024-12-12 20:30:23 - INFO - Success Rate: 0.00%
